2017-08-23 21:05:40,524 - SimpleLog4JLogSystem initialized using logfile 'velocity.log'
2017-08-23 21:05:40,524 - ************************************************************** 
2017-08-23 21:05:40,524 - Starting Jakarta Velocity v1.4
2017-08-23 21:05:40,525 - RuntimeInstance initializing.
2017-08-23 21:05:40,525 - Default Properties File: org\apache\velocity\runtime\defaults\velocity.properties
2017-08-23 21:05:40,525 - Trying to use logger class org.apache.velocity.runtime.log.SimpleLog4JLogSystem
2017-08-23 21:05:40,525 - Using logger class org.apache.velocity.runtime.log.SimpleLog4JLogSystem
2017-08-23 21:05:40,528 - Default ResourceManager initializing. (class org.apache.velocity.runtime.resource.ResourceManagerImpl)
2017-08-23 21:05:40,531 - Resource Loader Instantiated: org.apache.velocity.runtime.resource.loader.ClasspathResourceLoader
2017-08-23 21:05:40,531 - ClasspathResourceLoader : initialization starting.
2017-08-23 21:05:40,531 - ClasspathResourceLoader : initialization complete.
2017-08-23 21:05:40,532 - ResourceCache : initialized. (class org.apache.velocity.runtime.resource.ResourceCacheImpl)
2017-08-23 21:05:40,533 - Default ResourceManager initialization complete.
2017-08-23 21:05:40,535 - Loaded System Directive: org.apache.velocity.runtime.directive.Literal
2017-08-23 21:05:40,537 - Loaded System Directive: org.apache.velocity.runtime.directive.Macro
2017-08-23 21:05:40,540 - Loaded System Directive: org.apache.velocity.runtime.directive.Parse
2017-08-23 21:05:40,542 - Loaded System Directive: org.apache.velocity.runtime.directive.Include
2017-08-23 21:05:40,543 - Loaded System Directive: org.apache.velocity.runtime.directive.Foreach
2017-08-23 21:05:40,570 - Created: 20 parsers.
2017-08-23 21:05:40,577 - Velocimacro : initialization starting.
2017-08-23 21:05:40,577 - Velocimacro : adding VMs from VM library template : VM_global_library.vm
2017-08-23 21:05:40,586 - ResourceManager : unable to find resource 'VM_global_library.vm' in any resource loader.
2017-08-23 21:05:40,586 - Velocimacro : error using  VM library template VM_global_library.vm : org.apache.velocity.exception.ResourceNotFoundException: Unable to find resource 'VM_global_library.vm'
2017-08-23 21:05:40,586 - Velocimacro :  VM library template macro registration complete.
2017-08-23 21:05:40,587 - Velocimacro : allowInline = true : VMs can be defined inline in templates
2017-08-23 21:05:40,587 - Velocimacro : allowInlineToOverride = false : VMs defined inline may NOT replace previous VM definitions
2017-08-23 21:05:40,587 - Velocimacro : allowInlineLocal = false : VMs defined inline will be  global in scope if allowed.
2017-08-23 21:05:40,587 - Velocimacro : messages on  : VM system will output logging messages
2017-08-23 21:05:40,587 - Velocimacro : autoload off  : VM system will not automatically reload global library macros
2017-08-23 21:05:40,587 - Velocimacro : initialization complete.
2017-08-23 21:05:40,587 - Velocity successfully started.
2017-08-23 21:08:55,294 - ResourceManager : found repast/simphony/scenario/Scenario.vt with loader org.apache.velocity.runtime.resource.loader.ClasspathResourceLoader
2017-08-23 21:13:10,613 - SimpleLog4JLogSystem initialized using logfile 'velocity.log'
2017-08-23 21:13:10,614 - ************************************************************** 
2017-08-23 21:13:10,614 - Starting Jakarta Velocity v1.4
2017-08-23 21:13:10,614 - RuntimeInstance initializing.
2017-08-23 21:13:10,614 - Default Properties File: org\apache\velocity\runtime\defaults\velocity.properties
2017-08-23 21:13:10,614 - Trying to use logger class org.apache.velocity.runtime.log.SimpleLog4JLogSystem
2017-08-23 21:13:10,614 - Using logger class org.apache.velocity.runtime.log.SimpleLog4JLogSystem
2017-08-23 21:13:10,617 - Default ResourceManager initializing. (class org.apache.velocity.runtime.resource.ResourceManagerImpl)
2017-08-23 21:13:10,619 - Resource Loader Instantiated: org.apache.velocity.runtime.resource.loader.ClasspathResourceLoader
2017-08-23 21:13:10,619 - ClasspathResourceLoader : initialization starting.
2017-08-23 21:13:10,619 - ClasspathResourceLoader : initialization complete.
2017-08-23 21:13:10,621 - ResourceCache : initialized. (class org.apache.velocity.runtime.resource.ResourceCacheImpl)
2017-08-23 21:13:10,621 - Default ResourceManager initialization complete.
2017-08-23 21:13:10,624 - Loaded System Directive: org.apache.velocity.runtime.directive.Literal
2017-08-23 21:13:10,625 - Loaded System Directive: org.apache.velocity.runtime.directive.Macro
2017-08-23 21:13:10,628 - Loaded System Directive: org.apache.velocity.runtime.directive.Parse
2017-08-23 21:13:10,630 - Loaded System Directive: org.apache.velocity.runtime.directive.Include
2017-08-23 21:13:10,630 - Loaded System Directive: org.apache.velocity.runtime.directive.Foreach
2017-08-23 21:13:10,656 - Created: 20 parsers.
2017-08-23 21:13:10,664 - Velocimacro : initialization starting.
2017-08-23 21:13:10,664 - Velocimacro : adding VMs from VM library template : VM_global_library.vm
2017-08-23 21:13:10,672 - ResourceManager : unable to find resource 'VM_global_library.vm' in any resource loader.
2017-08-23 21:13:10,672 - Velocimacro : error using  VM library template VM_global_library.vm : org.apache.velocity.exception.ResourceNotFoundException: Unable to find resource 'VM_global_library.vm'
2017-08-23 21:13:10,672 - Velocimacro :  VM library template macro registration complete.
2017-08-23 21:13:10,672 - Velocimacro : allowInline = true : VMs can be defined inline in templates
2017-08-23 21:13:10,672 - Velocimacro : allowInlineToOverride = false : VMs defined inline may NOT replace previous VM definitions
2017-08-23 21:13:10,673 - Velocimacro : allowInlineLocal = false : VMs defined inline will be  global in scope if allowed.
2017-08-23 21:13:10,673 - Velocimacro : messages on  : VM system will output logging messages
2017-08-23 21:13:10,673 - Velocimacro : autoload off  : VM system will not automatically reload global library macros
2017-08-23 21:13:10,673 - Velocimacro : initialization complete.
2017-08-23 21:13:10,673 - Velocity successfully started.
2017-08-23 21:20:31,990 - ResourceManager : found repast/simphony/scenario/Scenario.vt with loader org.apache.velocity.runtime.resource.loader.ClasspathResourceLoader
2017-08-23 21:20:33,938 - ResourceManager : found repast/simphony/scenario/Scenario.vt with loader org.apache.velocity.runtime.resource.loader.ClasspathResourceLoader
2017-08-23 21:23:14,920 - SimpleLog4JLogSystem initialized using logfile 'velocity.log'
2017-08-23 21:23:14,921 - ************************************************************** 
2017-08-23 21:23:14,921 - Starting Jakarta Velocity v1.4
2017-08-23 21:23:14,921 - RuntimeInstance initializing.
2017-08-23 21:23:14,921 - Default Properties File: org\apache\velocity\runtime\defaults\velocity.properties
2017-08-23 21:23:14,921 - Trying to use logger class org.apache.velocity.runtime.log.SimpleLog4JLogSystem
2017-08-23 21:23:14,921 - Using logger class org.apache.velocity.runtime.log.SimpleLog4JLogSystem
2017-08-23 21:23:14,924 - Default ResourceManager initializing. (class org.apache.velocity.runtime.resource.ResourceManagerImpl)
2017-08-23 21:23:14,927 - Resource Loader Instantiated: org.apache.velocity.runtime.resource.loader.ClasspathResourceLoader
2017-08-23 21:23:14,927 - ClasspathResourceLoader : initialization starting.
2017-08-23 21:23:14,927 - ClasspathResourceLoader : initialization complete.
2017-08-23 21:23:14,928 - ResourceCache : initialized. (class org.apache.velocity.runtime.resource.ResourceCacheImpl)
2017-08-23 21:23:14,928 - Default ResourceManager initialization complete.
2017-08-23 21:23:14,931 - Loaded System Directive: org.apache.velocity.runtime.directive.Literal
2017-08-23 21:23:14,933 - Loaded System Directive: org.apache.velocity.runtime.directive.Macro
2017-08-23 21:23:14,936 - Loaded System Directive: org.apache.velocity.runtime.directive.Parse
2017-08-23 21:23:14,937 - Loaded System Directive: org.apache.velocity.runtime.directive.Include
2017-08-23 21:23:14,938 - Loaded System Directive: org.apache.velocity.runtime.directive.Foreach
2017-08-23 21:23:14,965 - Created: 20 parsers.
2017-08-23 21:23:14,972 - Velocimacro : initialization starting.
2017-08-23 21:23:14,972 - Velocimacro : adding VMs from VM library template : VM_global_library.vm
2017-08-23 21:23:14,982 - ResourceManager : unable to find resource 'VM_global_library.vm' in any resource loader.
2017-08-23 21:23:14,982 - Velocimacro : error using  VM library template VM_global_library.vm : org.apache.velocity.exception.ResourceNotFoundException: Unable to find resource 'VM_global_library.vm'
2017-08-23 21:23:14,982 - Velocimacro :  VM library template macro registration complete.
2017-08-23 21:23:14,982 - Velocimacro : allowInline = true : VMs can be defined inline in templates
2017-08-23 21:23:14,982 - Velocimacro : allowInlineToOverride = false : VMs defined inline may NOT replace previous VM definitions
2017-08-23 21:23:14,982 - Velocimacro : allowInlineLocal = false : VMs defined inline will be  global in scope if allowed.
2017-08-23 21:23:14,982 - Velocimacro : messages on  : VM system will output logging messages
2017-08-23 21:23:14,982 - Velocimacro : autoload off  : VM system will not automatically reload global library macros
2017-08-23 21:23:14,982 - Velocimacro : initialization complete.
2017-08-23 21:23:14,982 - Velocity successfully started.
2017-08-25 13:26:29,574 - SimpleLog4JLogSystem initialized using logfile 'velocity.log'
2017-08-25 13:26:29,582 - ************************************************************** 
2017-08-25 13:26:29,582 - Starting Jakarta Velocity v1.4
2017-08-25 13:26:29,582 - RuntimeInstance initializing.
2017-08-25 13:26:29,582 - Default Properties File: org\apache\velocity\runtime\defaults\velocity.properties
2017-08-25 13:26:29,582 - Trying to use logger class org.apache.velocity.runtime.log.SimpleLog4JLogSystem
2017-08-25 13:26:29,582 - Using logger class org.apache.velocity.runtime.log.SimpleLog4JLogSystem
2017-08-25 13:26:29,585 - Default ResourceManager initializing. (class org.apache.velocity.runtime.resource.ResourceManagerImpl)
2017-08-25 13:26:29,588 - Resource Loader Instantiated: org.apache.velocity.runtime.resource.loader.ClasspathResourceLoader
2017-08-25 13:26:29,588 - ClasspathResourceLoader : initialization starting.
2017-08-25 13:26:29,588 - ClasspathResourceLoader : initialization complete.
2017-08-25 13:26:29,590 - ResourceCache : initialized. (class org.apache.velocity.runtime.resource.ResourceCacheImpl)
2017-08-25 13:26:29,590 - Default ResourceManager initialization complete.
2017-08-25 13:26:29,593 - Loaded System Directive: org.apache.velocity.runtime.directive.Literal
2017-08-25 13:26:29,596 - Loaded System Directive: org.apache.velocity.runtime.directive.Macro
2017-08-25 13:26:29,598 - Loaded System Directive: org.apache.velocity.runtime.directive.Parse
2017-08-25 13:26:29,600 - Loaded System Directive: org.apache.velocity.runtime.directive.Include
2017-08-25 13:26:29,601 - Loaded System Directive: org.apache.velocity.runtime.directive.Foreach
2017-08-25 13:26:29,628 - Created: 20 parsers.
2017-08-25 13:26:29,635 - Velocimacro : initialization starting.
2017-08-25 13:26:29,636 - Velocimacro : adding VMs from VM library template : VM_global_library.vm
2017-08-25 13:26:29,645 - ResourceManager : unable to find resource 'VM_global_library.vm' in any resource loader.
2017-08-25 13:26:29,645 - Velocimacro : error using  VM library template VM_global_library.vm : org.apache.velocity.exception.ResourceNotFoundException: Unable to find resource 'VM_global_library.vm'
2017-08-25 13:26:29,645 - Velocimacro :  VM library template macro registration complete.
2017-08-25 13:26:29,645 - Velocimacro : allowInline = true : VMs can be defined inline in templates
2017-08-25 13:26:29,645 - Velocimacro : allowInlineToOverride = false : VMs defined inline may NOT replace previous VM definitions
2017-08-25 13:26:29,645 - Velocimacro : allowInlineLocal = false : VMs defined inline will be  global in scope if allowed.
2017-08-25 13:26:29,645 - Velocimacro : messages on  : VM system will output logging messages
2017-08-25 13:26:29,645 - Velocimacro : autoload off  : VM system will not automatically reload global library macros
2017-08-25 13:26:29,645 - Velocimacro : initialization complete.
2017-08-25 13:26:29,645 - Velocity successfully started.
2017-08-25 13:38:05,527 - SimpleLog4JLogSystem initialized using logfile 'velocity.log'
2017-08-25 13:38:05,527 - ************************************************************** 
2017-08-25 13:38:05,527 - Starting Jakarta Velocity v1.4
2017-08-25 13:38:05,527 - RuntimeInstance initializing.
2017-08-25 13:38:05,527 - Default Properties File: org\apache\velocity\runtime\defaults\velocity.properties
2017-08-25 13:38:05,527 - Trying to use logger class org.apache.velocity.runtime.log.SimpleLog4JLogSystem
2017-08-25 13:38:05,527 - Using logger class org.apache.velocity.runtime.log.SimpleLog4JLogSystem
2017-08-25 13:38:05,530 - Default ResourceManager initializing. (class org.apache.velocity.runtime.resource.ResourceManagerImpl)
2017-08-25 13:38:05,532 - Resource Loader Instantiated: org.apache.velocity.runtime.resource.loader.ClasspathResourceLoader
2017-08-25 13:38:05,533 - ClasspathResourceLoader : initialization starting.
2017-08-25 13:38:05,533 - ClasspathResourceLoader : initialization complete.
2017-08-25 13:38:05,534 - ResourceCache : initialized. (class org.apache.velocity.runtime.resource.ResourceCacheImpl)
2017-08-25 13:38:05,534 - Default ResourceManager initialization complete.
2017-08-25 13:38:05,537 - Loaded System Directive: org.apache.velocity.runtime.directive.Literal
2017-08-25 13:38:05,539 - Loaded System Directive: org.apache.velocity.runtime.directive.Macro
2017-08-25 13:38:05,541 - Loaded System Directive: org.apache.velocity.runtime.directive.Parse
2017-08-25 13:38:05,543 - Loaded System Directive: org.apache.velocity.runtime.directive.Include
2017-08-25 13:38:05,544 - Loaded System Directive: org.apache.velocity.runtime.directive.Foreach
2017-08-25 13:38:05,569 - Created: 20 parsers.
2017-08-25 13:38:05,576 - Velocimacro : initialization starting.
2017-08-25 13:38:05,576 - Velocimacro : adding VMs from VM library template : VM_global_library.vm
2017-08-25 13:38:05,585 - ResourceManager : unable to find resource 'VM_global_library.vm' in any resource loader.
2017-08-25 13:38:05,585 - Velocimacro : error using  VM library template VM_global_library.vm : org.apache.velocity.exception.ResourceNotFoundException: Unable to find resource 'VM_global_library.vm'
2017-08-25 13:38:05,585 - Velocimacro :  VM library template macro registration complete.
2017-08-25 13:38:05,585 - Velocimacro : allowInline = true : VMs can be defined inline in templates
2017-08-25 13:38:05,585 - Velocimacro : allowInlineToOverride = false : VMs defined inline may NOT replace previous VM definitions
2017-08-25 13:38:05,585 - Velocimacro : allowInlineLocal = false : VMs defined inline will be  global in scope if allowed.
2017-08-25 13:38:05,585 - Velocimacro : messages on  : VM system will output logging messages
2017-08-25 13:38:05,585 - Velocimacro : autoload off  : VM system will not automatically reload global library macros
2017-08-25 13:38:05,585 - Velocimacro : initialization complete.
2017-08-25 13:38:05,585 - Velocity successfully started.
2017-08-25 13:47:02,960 - ResourceManager : found repast/simphony/scenario/Scenario.vt with loader org.apache.velocity.runtime.resource.loader.ClasspathResourceLoader
2017-08-25 13:48:04,020 - ResourceManager : found repast/simphony/scenario/Scenario.vt with loader org.apache.velocity.runtime.resource.loader.ClasspathResourceLoader
2017-08-25 13:48:08,645 - ResourceManager : found repast/simphony/scenario/Scenario.vt with loader org.apache.velocity.runtime.resource.loader.ClasspathResourceLoader
2017-08-25 14:11:52,037 - ResourceManager : found repast/simphony/scenario/Scenario.vt with loader org.apache.velocity.runtime.resource.loader.ClasspathResourceLoader
2017-08-25 14:11:55,419 - ResourceManager : found repast/simphony/scenario/Scenario.vt with loader org.apache.velocity.runtime.resource.loader.ClasspathResourceLoader
2017-08-25 14:15:42,840 - ResourceManager : found repast/simphony/parameter/parameters.vt with loader org.apache.velocity.runtime.resource.loader.ClasspathResourceLoader
2017-08-25 14:15:59,125 - ResourceManager : found repast/simphony/parameter/parameters.vt with loader org.apache.velocity.runtime.resource.loader.ClasspathResourceLoader
2017-08-25 14:16:40,087 - ResourceManager : found repast/simphony/parameter/parameters.vt with loader org.apache.velocity.runtime.resource.loader.ClasspathResourceLoader
2017-08-25 14:16:57,378 - ResourceManager : found repast/simphony/parameter/parameters.vt with loader org.apache.velocity.runtime.resource.loader.ClasspathResourceLoader
2017-08-25 14:17:19,923 - ResourceManager : found repast/simphony/scenario/Scenario.vt with loader org.apache.velocity.runtime.resource.loader.ClasspathResourceLoader
2017-08-25 14:18:54,780 - SimpleLog4JLogSystem initialized using logfile 'velocity.log'
2017-08-25 14:18:54,781 - ************************************************************** 
2017-08-25 14:18:54,781 - Starting Jakarta Velocity v1.4
2017-08-25 14:18:54,781 - RuntimeInstance initializing.
2017-08-25 14:18:54,781 - Default Properties File: org\apache\velocity\runtime\defaults\velocity.properties
2017-08-25 14:18:54,781 - Trying to use logger class org.apache.velocity.runtime.log.SimpleLog4JLogSystem
2017-08-25 14:18:54,781 - Using logger class org.apache.velocity.runtime.log.SimpleLog4JLogSystem
2017-08-25 14:18:54,784 - Default ResourceManager initializing. (class org.apache.velocity.runtime.resource.ResourceManagerImpl)
2017-08-25 14:18:54,787 - Resource Loader Instantiated: org.apache.velocity.runtime.resource.loader.ClasspathResourceLoader
2017-08-25 14:18:54,787 - ClasspathResourceLoader : initialization starting.
2017-08-25 14:18:54,787 - ClasspathResourceLoader : initialization complete.
2017-08-25 14:18:54,788 - ResourceCache : initialized. (class org.apache.velocity.runtime.resource.ResourceCacheImpl)
2017-08-25 14:18:54,788 - Default ResourceManager initialization complete.
2017-08-25 14:18:54,791 - Loaded System Directive: org.apache.velocity.runtime.directive.Literal
2017-08-25 14:18:54,793 - Loaded System Directive: org.apache.velocity.runtime.directive.Macro
2017-08-25 14:18:54,796 - Loaded System Directive: org.apache.velocity.runtime.directive.Parse
2017-08-25 14:18:54,797 - Loaded System Directive: org.apache.velocity.runtime.directive.Include
2017-08-25 14:18:54,798 - Loaded System Directive: org.apache.velocity.runtime.directive.Foreach
2017-08-25 14:18:54,824 - Created: 20 parsers.
2017-08-25 14:18:54,832 - Velocimacro : initialization starting.
2017-08-25 14:18:54,832 - Velocimacro : adding VMs from VM library template : VM_global_library.vm
2017-08-25 14:18:54,841 - ResourceManager : unable to find resource 'VM_global_library.vm' in any resource loader.
2017-08-25 14:18:54,841 - Velocimacro : error using  VM library template VM_global_library.vm : org.apache.velocity.exception.ResourceNotFoundException: Unable to find resource 'VM_global_library.vm'
2017-08-25 14:18:54,841 - Velocimacro :  VM library template macro registration complete.
2017-08-25 14:18:54,841 - Velocimacro : allowInline = true : VMs can be defined inline in templates
2017-08-25 14:18:54,841 - Velocimacro : allowInlineToOverride = false : VMs defined inline may NOT replace previous VM definitions
2017-08-25 14:18:54,841 - Velocimacro : allowInlineLocal = false : VMs defined inline will be  global in scope if allowed.
2017-08-25 14:18:54,841 - Velocimacro : messages on  : VM system will output logging messages
2017-08-25 14:18:54,841 - Velocimacro : autoload off  : VM system will not automatically reload global library macros
2017-08-25 14:18:54,841 - Velocimacro : initialization complete.
2017-08-25 14:18:54,841 - Velocity successfully started.
2017-08-25 14:30:40,009 - ResourceManager : found repast/simphony/scenario/Scenario.vt with loader org.apache.velocity.runtime.resource.loader.ClasspathResourceLoader
2017-08-25 14:30:42,205 - ResourceManager : found repast/simphony/scenario/Scenario.vt with loader org.apache.velocity.runtime.resource.loader.ClasspathResourceLoader
2017-08-25 14:30:42,390 - ResourceManager : found repast/simphony/scenario/Scenario.vt with loader org.apache.velocity.runtime.resource.loader.ClasspathResourceLoader
2017-08-25 16:40:06,809 - SimpleLog4JLogSystem initialized using logfile 'velocity.log'
2017-08-25 16:40:06,809 - ************************************************************** 
2017-08-25 16:40:06,809 - Starting Jakarta Velocity v1.4
2017-08-25 16:40:06,809 - RuntimeInstance initializing.
2017-08-25 16:40:06,809 - Default Properties File: org\apache\velocity\runtime\defaults\velocity.properties
2017-08-25 16:40:06,809 - Trying to use logger class org.apache.velocity.runtime.log.SimpleLog4JLogSystem
2017-08-25 16:40:06,809 - Using logger class org.apache.velocity.runtime.log.SimpleLog4JLogSystem
2017-08-25 16:40:06,813 - Default ResourceManager initializing. (class org.apache.velocity.runtime.resource.ResourceManagerImpl)
2017-08-25 16:40:06,816 - Resource Loader Instantiated: org.apache.velocity.runtime.resource.loader.ClasspathResourceLoader
2017-08-25 16:40:06,816 - ClasspathResourceLoader : initialization starting.
2017-08-25 16:40:06,816 - ClasspathResourceLoader : initialization complete.
2017-08-25 16:40:06,818 - ResourceCache : initialized. (class org.apache.velocity.runtime.resource.ResourceCacheImpl)
2017-08-25 16:40:06,818 - Default ResourceManager initialization complete.
2017-08-25 16:40:06,821 - Loaded System Directive: org.apache.velocity.runtime.directive.Literal
2017-08-25 16:40:06,823 - Loaded System Directive: org.apache.velocity.runtime.directive.Macro
2017-08-25 16:40:06,826 - Loaded System Directive: org.apache.velocity.runtime.directive.Parse
2017-08-25 16:40:06,828 - Loaded System Directive: org.apache.velocity.runtime.directive.Include
2017-08-25 16:40:06,829 - Loaded System Directive: org.apache.velocity.runtime.directive.Foreach
2017-08-25 16:40:06,856 - Created: 20 parsers.
2017-08-25 16:40:06,864 - Velocimacro : initialization starting.
2017-08-25 16:40:06,864 - Velocimacro : adding VMs from VM library template : VM_global_library.vm
2017-08-25 16:40:06,873 - ResourceManager : unable to find resource 'VM_global_library.vm' in any resource loader.
2017-08-25 16:40:06,873 - Velocimacro : error using  VM library template VM_global_library.vm : org.apache.velocity.exception.ResourceNotFoundException: Unable to find resource 'VM_global_library.vm'
2017-08-25 16:40:06,873 - Velocimacro :  VM library template macro registration complete.
2017-08-25 16:40:06,873 - Velocimacro : allowInline = true : VMs can be defined inline in templates
2017-08-25 16:40:06,873 - Velocimacro : allowInlineToOverride = false : VMs defined inline may NOT replace previous VM definitions
2017-08-25 16:40:06,873 - Velocimacro : allowInlineLocal = false : VMs defined inline will be  global in scope if allowed.
2017-08-25 16:40:06,873 - Velocimacro : messages on  : VM system will output logging messages
2017-08-25 16:40:06,873 - Velocimacro : autoload off  : VM system will not automatically reload global library macros
2017-08-25 16:40:06,873 - Velocimacro : initialization complete.
2017-08-25 16:40:06,873 - Velocity successfully started.
